<?xml version="1.0" encoding="UTF-8"?>
<testng-results ignored="0" total="5" passed="5" failed="0" skipped="0">
  <reporter-output>
  </reporter-output>
  <suite started-at="2022-12-28T14:39:06 IST" name="Default suite" finished-at="2022-12-28T14:39:06 IST" duration-ms="153">
    <groups>
      <group name="regression">
        <method signature="NewTest.test4()[pri:0, instance:abc.NewTest@1151e434]" name="test4" class="abc.NewTest"/>
        <method signature="NewTest.test5()[pri:0, instance:abc.NewTest@1151e434]" name="test5" class="abc.NewTest"/>
      </group> <!-- regression -->
      <group name="sanity">
        <method signature="NewTest.test1()[pri:0, instance:abc.NewTest@1151e434]" name="test1" class="abc.NewTest"/>
        <method signature="NewTest.test2()[pri:0, instance:abc.NewTest@1151e434]" name="test2" class="abc.NewTest"/>
        <method signature="NewTest.test3()[pri:0, instance:abc.NewTest@1151e434]" name="test3" class="abc.NewTest"/>
        <method signature="NewTest.test5()[pri:0, instance:abc.NewTest@1151e434]" name="test5" class="abc.NewTest"/>
      </group> <!-- sanity -->
    </groups>
    <test started-at="2022-12-28T14:39:06 IST" name="Default test" finished-at="2022-12-28T14:39:06 IST" duration-ms="153">
      <class name="abc.NewTest">
        <test-method signature="test1()[pri:0, instance:abc.NewTest@1151e434]" started-at="2022-12-28T14:39:06 IST" name="test1" finished-at="2022-12-28T14:39:06 IST" duration-ms="19" status="PASS">
          <reporter-output>
          </reporter-output>
        </test-method> <!-- test1 -->
        <test-method signature="test2()[pri:0, instance:abc.NewTest@1151e434]" started-at="2022-12-28T14:39:06 IST" name="test2" finished-at="2022-12-28T14:39:06 IST" duration-ms="2" status="PASS">
          <reporter-output>
          </reporter-output>
        </test-method> <!-- test2 -->
        <test-method signature="test3()[pri:0, instance:abc.NewTest@1151e434]" started-at="2022-12-28T14:39:06 IST" name="test3" finished-at="2022-12-28T14:39:06 IST" duration-ms="6" status="PASS">
          <reporter-output>
          </reporter-output>
        </test-method> <!-- test3 -->
        <test-method signature="test4()[pri:0, instance:abc.NewTest@1151e434]" started-at="2022-12-28T14:39:06 IST" name="test4" finished-at="2022-12-28T14:39:06 IST" duration-ms="3" status="PASS">
          <reporter-output>
          </reporter-output>
        </test-method> <!-- test4 -->
        <test-method signature="test5()[pri:0, instance:abc.NewTest@1151e434]" started-at="2022-12-28T14:39:06 IST" name="test5" finished-at="2022-12-28T14:39:06 IST" duration-ms="2" status="PASS">
          <reporter-output>
          </reporter-output>
        </test-method> <!-- test5 -->
      </class> <!-- abc.NewTest -->
    </test> <!-- Default test -->
  </suite> <!-- Default suite -->
</testng-results>
