<?xml version="1.0" encoding="UTF-8"?>
<!-- Generated by org.testng.reporters.JUnitXMLReporter -->
<testsuite ignored="0" hostname="DESKTOP-0M5F1JE" failures="0" tests="5" name="Default test" time="0.153" errors="0" timestamp="2022-12-28T14:39:06 IST">
  <testcase classname="abc.NewTest" name="test1" time="0.019"/>
  <testcase classname="abc.NewTest" name="test2" time="0.002"/>
  <testcase classname="abc.NewTest" name="test3" time="0.006"/>
  <testcase classname="abc.NewTest" name="test4" time="0.003"/>
  <testcase classname="abc.NewTest" name="test5" time="0.002"/>
</testsuite> <!-- Default test -->
